<?xml version="1.0" encoding="UTF-8"?>
<testng-results skipped="0" failed="0" ignored="0" total="1" passed="1">
  <reporter-output>
  </reporter-output>
  <suite name="Default suite" duration-ms="21086" started-at="2021-11-22T10:58:12 CET" finished-at="2021-11-22T10:58:33 CET">
    <groups>
    </groups>
    <test name="Default test" duration-ms="21086" started-at="2021-11-22T10:58:12 CET" finished-at="2021-11-22T10:58:33 CET">
      <class name="demo.LoginTestOrangeHrm">
        <test-method status="PASS" signature="setUp()[pri:0, instance:demo.LoginTestOrangeHrm@2641e737]" name="setUp" is-config="true" duration-ms="12517" started-at="2021-11-22T10:58:12 CET" finished-at="2021-11-22T10:58:24 CET">
          <reporter-output>
          </reporter-output>
        </test-method> <!-- setUp -->
        <test-method status="PASS" signature="testLoginTestOrangeHrm()[pri:0, instance:demo.LoginTestOrangeHrm@2641e737]" name="testLoginTestOrangeHrm" duration-ms="7076" started-at="2021-11-22T10:58:24 CET" finished-at="2021-11-22T10:58:31 CET">
          <reporter-output>
          </reporter-output>
        </test-method> <!-- testLoginTestOrangeHrm -->
        <test-method status="PASS" signature="tearDown()[pri:0, instance:demo.LoginTestOrangeHrm@2641e737]" name="tearDown" is-config="true" duration-ms="1355" started-at="2021-11-22T10:58:31 CET" finished-at="2021-11-22T10:58:33 CET">
          <reporter-output>
          </reporter-output>
        </test-method> <!-- tearDown -->
      </class> <!-- demo.LoginTestOrangeHrm -->
    </test> <!-- Default test -->
  </suite> <!-- Default suite -->
</testng-results>
