<?xml version="1.0" encoding="UTF-8"?>
<!-- Generated by org.testng.reporters.JUnitXMLReporter -->
<testsuite hostname="POM-Machine-WAFO" ignored="0" name="TestGroups" tests="6" failures="0" timestamp="2021-11-17T12:04:23 CET" time="0.205" errors="0">
  <testcase name="test1" time="0.021" classname="demo.TestNGGroupsDemo"/>
  <testcase name="test2" time="0.004" classname="demo.TestNGGroupsDemo"/>
  <testcase name="test3" time="0.005" classname="demo.TestNGGroupsDemo"/>
  <testcase name="test4" time="0.003" classname="demo.TestNGGroupsDemo"/>
  <testcase name="test5" time="0.002" classname="demo.TestNGGroupsDemo"/>
  <testcase name="test6" time="0.003" classname="demo.TestNGGroupsDemo"/>
</testsuite> <!-- TestGroups -->
